2020-09-15 00:53:21 INFO  EmployeesRestApi:14 - ************Started TC01_GET_All_Employees***********
2020-09-15 00:53:24 INFO  EmployeesRestApi:56 - ******Content Type********
2020-09-15 00:53:24 INFO  EmployeesRestApi:58 - Content Type is:application/json
2020-09-15 00:53:24 INFO  EmployeesRestApi:90 - ******Cookies********
2020-09-15 00:53:24 INFO  EmployeesRestApi:64 - ******Server Type********
2020-09-15 00:53:24 INFO  EmployeesRestApi:66 - Server is:nginx/1.16.0
2020-09-15 00:53:24 INFO  EmployeesRestApi:71 - ******Content Encoding********
2020-09-15 00:53:24 INFO  EmployeesRestApi:73 - Content Encoding is:gzip
2020-09-15 00:53:24 INFO  EmployeesRestApi:80 - ******Content Length********
2020-09-15 00:53:24 INFO  EmployeesRestApi:82 - Content Length is :631
2020-09-15 00:53:24 INFO  EmployeesRestApi:22 - ******Response Body********
2020-09-15 00:53:24 INFO  EmployeesRestApi:24 - Response body :{"status":"success","data":[{"id":1,"employee_name":"Tiger Nixon","employee_salary":320800,"employee_age":61,"profile_image":""},{"id":2,"employee_name":"Garrett Winters","employee_salary":170750,"employee_age":63,"profile_image":""},{"id":3,"employee_name":"Ashton Cox","employee_salary":86000,"employee_age":66,"profile_image":""},{"id":4,"employee_name":"Cedric Kelly","employee_salary":433060,"employee_age":22,"profile_image":""},{"id":5,"employee_name":"Airi Satou","employee_salary":162700,"employee_age":33,"profile_image":""},{"id":6,"employee_name":"Brielle Williamson","employee_salary":372000,"employee_age":61,"profile_image":""},{"id":7,"employee_name":"Herrod Chandler","employee_salary":137500,"employee_age":59,"profile_image":""},{"id":8,"employee_name":"Rhona Davidson","employee_salary":327900,"employee_age":55,"profile_image":""},{"id":9,"employee_name":"Colleen Hurst","employee_salary":205500,"employee_age":39,"profile_image":""},{"id":10,"employee_name":"Sonya Frost","employee_salary":103600,"employee_age":23,"profile_image":""},{"id":11,"employee_name":"Jena Gaines","employee_salary":90560,"employee_age":30,"profile_image":""},{"id":12,"employee_name":"Quinn Flynn","employee_salary":342000,"employee_age":22,"profile_image":""},{"id":13,"employee_name":"Charde Marshall","employee_salary":470600,"employee_age":36,"profile_image":""},{"id":14,"employee_name":"Haley Kennedy","employee_salary":313500,"employee_age":43,"profile_image":""},{"id":15,"employee_name":"Tatyana Fitzpatrick","employee_salary":385750,"employee_age":19,"profile_image":""},{"id":16,"employee_name":"Michael Silva","employee_salary":198500,"employee_age":66,"profile_image":""},{"id":17,"employee_name":"Paul Byrd","employee_salary":725000,"employee_age":64,"profile_image":""},{"id":18,"employee_name":"Gloria Little","employee_salary":237500,"employee_age":59,"profile_image":""},{"id":19,"employee_name":"Bradley Greer","employee_salary":132000,"employee_age":41,"profile_image":""},{"id":20,"employee_name":"Dai Rios","employee_salary":217500,"employee_age":35,"profile_image":""},{"id":21,"employee_name":"Jenette Caldwell","employee_salary":345000,"employee_age":30,"profile_image":""},{"id":22,"employee_name":"Yuri Berry","employee_salary":675000,"employee_age":40,"profile_image":""},{"id":23,"employee_name":"Caesar Vance","employee_salary":106450,"employee_age":21,"profile_image":""},{"id":24,"employee_name":"Doris Wilder","employee_salary":85600,"employee_age":23,"profile_image":""}],"message":"Successfully! All records has been fetched."}
2020-09-15 00:53:24 INFO  EmployeesRestApi:38 - ******Response Time********
2020-09-15 00:53:24 INFO  EmployeesRestApi:40 - Response Time 1680
2020-09-15 00:53:24 INFO  EmployeesRestApi:30 - ******Status Code********
2020-09-15 00:53:24 INFO  EmployeesRestApi:32 - Status Code is:200
2020-09-15 00:53:24 INFO  EmployeesRestApi:48 - ******Status Line********
2020-09-15 00:53:24 INFO  EmployeesRestApi:50 - Status Line is:HTTP/1.1 200 OK
2020-09-15 00:53:24 INFO  EmployeesRestApi:96 - ******TC01_GET_All_Employees_finished*********
2020-09-15 00:56:30 INFO  EmployeesRestApi:14 - ************Started TC01_GET_All_Employees***********
2020-09-15 00:56:33 INFO  EmployeesRestApi:56 - ******Content Type********
2020-09-15 00:56:33 INFO  EmployeesRestApi:58 - Content Type is:application/json
2020-09-15 00:56:33 INFO  EmployeesRestApi:96 - ******TC01_GET_All_Employees_finished*********
2020-09-15 00:57:27 INFO  EmployeesRestApi:14 - ************Started TC01_GET_All_Employees***********
2020-09-15 00:57:30 INFO  EmployeesRestApi:56 - ******Content Type********
2020-09-15 00:57:30 INFO  EmployeesRestApi:58 - Content Type is:application/json
2020-09-15 00:57:30 INFO  EmployeesRestApi:90 - ******Cookies********
2020-09-15 00:57:30 INFO  EmployeesRestApi:64 - ******Server Type********
2020-09-15 00:57:30 INFO  EmployeesRestApi:66 - Server is:nginx/1.16.0
2020-09-15 00:57:30 INFO  EmployeesRestApi:71 - ******Content Encoding********
2020-09-15 00:57:30 INFO  EmployeesRestApi:73 - Content Encoding is:gzip
2020-09-15 00:57:30 INFO  EmployeesRestApi:80 - ******Content Length********
2020-09-15 00:57:30 INFO  EmployeesRestApi:82 - Content Length is :631
2020-09-15 00:57:30 INFO  EmployeesRestApi:22 - ******Response Body********
2020-09-15 00:57:30 INFO  EmployeesRestApi:24 - Response body :{"status":"success","data":[{"id":1,"employee_name":"Tiger Nixon","employee_salary":320800,"employee_age":61,"profile_image":""},{"id":2,"employee_name":"Garrett Winters","employee_salary":170750,"employee_age":63,"profile_image":""},{"id":3,"employee_name":"Ashton Cox","employee_salary":86000,"employee_age":66,"profile_image":""},{"id":4,"employee_name":"Cedric Kelly","employee_salary":433060,"employee_age":22,"profile_image":""},{"id":5,"employee_name":"Airi Satou","employee_salary":162700,"employee_age":33,"profile_image":""},{"id":6,"employee_name":"Brielle Williamson","employee_salary":372000,"employee_age":61,"profile_image":""},{"id":7,"employee_name":"Herrod Chandler","employee_salary":137500,"employee_age":59,"profile_image":""},{"id":8,"employee_name":"Rhona Davidson","employee_salary":327900,"employee_age":55,"profile_image":""},{"id":9,"employee_name":"Colleen Hurst","employee_salary":205500,"employee_age":39,"profile_image":""},{"id":10,"employee_name":"Sonya Frost","employee_salary":103600,"employee_age":23,"profile_image":""},{"id":11,"employee_name":"Jena Gaines","employee_salary":90560,"employee_age":30,"profile_image":""},{"id":12,"employee_name":"Quinn Flynn","employee_salary":342000,"employee_age":22,"profile_image":""},{"id":13,"employee_name":"Charde Marshall","employee_salary":470600,"employee_age":36,"profile_image":""},{"id":14,"employee_name":"Haley Kennedy","employee_salary":313500,"employee_age":43,"profile_image":""},{"id":15,"employee_name":"Tatyana Fitzpatrick","employee_salary":385750,"employee_age":19,"profile_image":""},{"id":16,"employee_name":"Michael Silva","employee_salary":198500,"employee_age":66,"profile_image":""},{"id":17,"employee_name":"Paul Byrd","employee_salary":725000,"employee_age":64,"profile_image":""},{"id":18,"employee_name":"Gloria Little","employee_salary":237500,"employee_age":59,"profile_image":""},{"id":19,"employee_name":"Bradley Greer","employee_salary":132000,"employee_age":41,"profile_image":""},{"id":20,"employee_name":"Dai Rios","employee_salary":217500,"employee_age":35,"profile_image":""},{"id":21,"employee_name":"Jenette Caldwell","employee_salary":345000,"employee_age":30,"profile_image":""},{"id":22,"employee_name":"Yuri Berry","employee_salary":675000,"employee_age":40,"profile_image":""},{"id":23,"employee_name":"Caesar Vance","employee_salary":106450,"employee_age":21,"profile_image":""},{"id":24,"employee_name":"Doris Wilder","employee_salary":85600,"employee_age":23,"profile_image":""}],"message":"Successfully! All records has been fetched."}
2020-09-15 00:57:30 INFO  EmployeesRestApi:38 - ******Response Time********
2020-09-15 00:57:30 INFO  EmployeesRestApi:40 - Response Time 2475
2020-09-15 00:57:30 WARN  EmployeesRestApi:42 - Response Time is greater than 2000
2020-09-15 00:57:30 INFO  EmployeesRestApi:30 - ******Status Code********
2020-09-15 00:57:30 INFO  EmployeesRestApi:32 - Status Code is:200
2020-09-15 00:57:30 INFO  EmployeesRestApi:48 - ******Status Line********
2020-09-15 00:57:30 INFO  EmployeesRestApi:50 - Status Line is:HTTP/1.1 200 OK
2020-09-15 00:57:30 INFO  EmployeesRestApi:96 - ******TC01_GET_All_Employees_finished*********
2020-09-15 01:08:00 INFO  EmployeesRestApi:14 - ************Started TC01_GET_All_Employees***********
2020-09-15 01:08:03 INFO  EmployeesRestApi:55 - ******Content Type********
2020-09-15 01:08:03 INFO  EmployeesRestApi:57 - Content Type is:application/json
2020-09-15 01:08:03 INFO  EmployeesRestApi:89 - ******Cookies********
2020-09-15 01:08:03 INFO  EmployeesRestApi:63 - ******Server Type********
2020-09-15 01:08:03 INFO  EmployeesRestApi:65 - Server is:nginx/1.16.0
2020-09-15 01:08:03 INFO  EmployeesRestApi:70 - ******Content Encoding********
2020-09-15 01:08:03 INFO  EmployeesRestApi:72 - Content Encoding is:null
2020-09-15 01:08:03 INFO  EmployeesRestApi:79 - ******Content Length********
2020-09-15 01:08:03 INFO  EmployeesRestApi:81 - Content Length is :77
2020-09-15 01:08:03 WARN  EmployeesRestApi:83 - Content length is less than 100
2020-09-15 01:08:03 INFO  EmployeesRestApi:21 - ******Response Body********
2020-09-15 01:08:03 INFO  EmployeesRestApi:23 - Response body :{"message":"Error Occured! Page Not found, contact rstapi2example@gmail.com"}
2020-09-15 01:08:03 INFO  EmployeesRestApi:37 - ******Response Time********
2020-09-15 01:08:03 INFO  EmployeesRestApi:39 - Response Time 1667
2020-09-15 01:08:03 INFO  EmployeesRestApi:29 - ******Status Code********
2020-09-15 01:08:03 INFO  EmployeesRestApi:31 - Status Code is:404
2020-09-15 01:08:03 INFO  EmployeesRestApi:47 - ******Status Line********
2020-09-15 01:08:03 INFO  EmployeesRestApi:49 - Status Line is:HTTP/1.1 404 Not Found
2020-09-15 01:08:03 INFO  EmployeesRestApi:95 - ******TC01_GET_All_Employees_finished*********
2020-09-15 01:09:53 INFO  EmployeesRestApi:14 - ************Started TC02_GET_Single_Employees***********
2020-09-15 01:09:56 INFO  EmployeesRestApi:55 - ******Content Type********
2020-09-15 01:09:56 INFO  EmployeesRestApi:57 - Content Type is:application/json
2020-09-15 01:09:56 INFO  EmployeesRestApi:89 - ******Cookies********
2020-09-15 01:09:56 INFO  EmployeesRestApi:63 - ******Server Type********
2020-09-15 01:09:56 INFO  EmployeesRestApi:65 - Server is:nginx/1.16.0
2020-09-15 01:09:56 INFO  EmployeesRestApi:70 - ******Content Encoding********
2020-09-15 01:09:56 INFO  EmployeesRestApi:72 - Content Encoding is:null
2020-09-15 01:09:56 INFO  EmployeesRestApi:79 - ******Content Length********
2020-09-15 01:09:56 INFO  EmployeesRestApi:81 - Content Length is :77
2020-09-15 01:09:56 WARN  EmployeesRestApi:83 - Content length is less than 100
2020-09-15 01:09:56 INFO  EmployeesRestApi:21 - ******Response Body********
2020-09-15 01:09:56 INFO  EmployeesRestApi:23 - Response body :{"message":"Error Occured! Page Not found, contact rstapi2example@gmail.com"}
2020-09-15 01:09:56 INFO  EmployeesRestApi:37 - ******Response Time********
2020-09-15 01:09:56 INFO  EmployeesRestApi:39 - Response Time 1582
2020-09-15 01:09:56 INFO  EmployeesRestApi:29 - ******Status Code********
2020-09-15 01:09:56 INFO  EmployeesRestApi:31 - Status Code is:404
2020-09-15 01:09:56 INFO  EmployeesRestApi:47 - ******Status Line********
2020-09-15 01:09:56 INFO  EmployeesRestApi:49 - Status Line is:HTTP/1.1 404 Not Found
2020-09-15 01:09:56 INFO  EmployeesRestApi:95 - ******TC02_GET_Single_Employees_finished*********
